#
# There is insufficient memory for the Java Runtime Environment to continue.
# Native memory allocation (malloc) failed to allocate 32744 bytes for ChunkPool::allocate
# Possible reasons:
#   The system is out of physical RAM or swap space
#   The process is running with CompressedOops enabled, and the Java Heap may be blocking the growth of the native heap
# Possible solutions:
#   Reduce memory load on the system
#   Increase physical memory or swap space
#   Check if swap backing store is full
#   Decrease Java heap size (-Xmx/-Xms)
#   Decrease number of Java threads
#   Decrease Java thread stack sizes (-Xss)
#   Set larger code cache with -XX:ReservedCodeCacheSize=
#   JVM is running with Zero Based Compressed Oops mode in which the Java heap is
#     placed in the first 32GB address space. The Java Heap base address is the
#     maximum limit for the native heap growth. Please use -XX:HeapBaseMinAddress
#     to set the Java Heap base and to place the Java Heap above 32GB virtual address.
# This output file may be truncated or incomplete.
#
#  Out of Memory Error (./open/src/hotspot/share/memory/arena.cpp:79), pid=11772, tid=18964
#
# JRE version: Java(TM) SE Runtime Environment (15.0.1+9) (build 15.0.1+9-18)
# Java VM: Java HotSpot(TM) 64-Bit Server VM (15.0.1+9-18, mixed mode, sharing, tiered, compressed oops, g1 gc, windows-amd64)
# No core dump will be written. Minidumps are not enabled by default on client versions of Windows
#

---------------  S U M M A R Y ------------

Command Line: -Dclassworlds.conf=C:\Program Files\NetBeans-12.3\netbeans\java\maven\bin\..\bin\m2.conf -Dmaven.home=C:\Program Files\NetBeans-12.3\netbeans\java\maven\bin\.. -Dlibrary.jansi.path=C:\Program Files\NetBeans-12.3\netbeans\java\maven\bin\..\lib\jansi-native -Dmaven.multiModuleProjectDirectory=D:\JAVA\Java2 org.codehaus.plexus.classworlds.launcher.Launcher -Dexec.args=-classpath %classpath Assigment.FORM -Dexec.executable=C:\Program Files\Java\jdk-15.0.1\bin\java.exe -Dexec.classpathScope=runtime -Dmaven.ext.class.path=C:\Program Files\NetBeans-12.3\netbeans\java\maven-nblib\netbeans-eventspy.jar -Dfile.encoding=UTF-8 org.codehaus.mojo:exec-maven-plugin:3.0.0:exec

Host: Intel(R) Core(TM) i5-8300H CPU @ 2.30GHz, 8 cores, 15G,  Windows 10 , 64 bit Build 19041 (10.0.19041.1023)
Time: Thu Jun 10 23:08:20 2021 SE Asia Standard Time elapsed time: 0.518072 seconds (0d 0h 0m 0s)

---------------  T H R E A D  ---------------

Current thread (0x000001e7b0e07880):  JavaThread "C2 CompilerThread1" daemon [_thread_in_native, id=18964, stack(0x0000001ab6c00000,0x0000001ab6d00000)]


Current CompileTask:
C2:    518  908       4       java.io.InputStreamReader::read (11 bytes)

Stack: [0x0000001ab6c00000,0x0000001ab6d00000]
Native frames: (J=compiled Java code, j=interpreted, Vv=VM code, C=native code)
V  [jvm.dll+0x62ae9a]
V  [jvm.dll+0x781389]
V  [jvm.dll+0x782ae3]
V  [jvm.dll+0x783143]
V  [jvm.dll+0x216265]
V  [jvm.dll+0x9828f]
V  [jvm.dll+0x9806d]
V  [jvm.dll+0x609ad4]
V  [jvm.dll+0x6552ba]
V  [jvm.dll+0x18e3ad]
V  [jvm.dll+0x1ea762]
V  [jvm.dll+0x1e98ae]
V  [jvm.dll+0x1784c7]
V  [jvm.dll+0x1f9165]
V  [jvm.dll+0x1f720c]
V  [jvm.dll+0x74485d]
V  [jvm.dll+0x73d65a]
V  [jvm.dll+0x629c56]
C  [ucrtbase.dll+0x21bb2]
C  [KERNEL32.DLL+0x17034]
C  [ntdll.dll+0x52651]


---------------  P R O C E S S  ---------------

Threads class SMR info:
_java_thread_list=0x000001e7b19cb460, length=13, elements={
0x000001e78cd59640, 0x000001e7b036bf30, 0x000001e7b036cb00, 0x000001e7b0c8a130,
0x000001e7b0c8ca00, 0x000001e7b0c8d4b0, 0x000001e7b0c8e340, 0x000001e7b0cfc5e0,
0x000001e7b0d04cf0, 0x000001e7b0dbeb30, 0x000001e7b0dd1330, 0x000001e7b0e07880,
0x000001e7b0fa8410
}

Java Threads: ( => current thread )
  0x000001e78cd59640 JavaThread "main" [_thread_in_Java, id=12744, stack(0x0000001ab5a00000,0x0000001ab5b00000)]
  0x000001e7b036bf30 JavaThread "Reference Handler" daemon [_thread_blocked, id=8220, stack(0x0000001ab6100000,0x0000001ab6200000)]
  0x000001e7b036cb00 JavaThread "Finalizer" daemon [_thread_blocked, id=16584, stack(0x0000001ab6200000,0x0000001ab6300000)]
  0x000001e7b0c8a130 JavaThread "Signal Dispatcher" daemon [_thread_blocked, id=12340, stack(0x0000001ab6300000,0x0000001ab6400000)]
  0x000001e7b0c8ca00 JavaThread "Attach Listener" daemon [_thread_blocked, id=9728, stack(0x0000001ab6400000,0x0000001ab6500000)]
  0x000001e7b0c8d4b0 JavaThread "Service Thread" daemon [_thread_blocked, id=17648, stack(0x0000001ab6500000,0x0000001ab6600000)]
  0x000001e7b0c8e340 JavaThread "C2 CompilerThread0" daemon [_thread_in_native, id=17992, stack(0x0000001ab6600000,0x0000001ab6700000)]
  0x000001e7b0cfc5e0 JavaThread "C1 CompilerThread0" daemon [_thread_in_vm, id=11000, stack(0x0000001ab6700000,0x0000001ab6800000)]
  0x000001e7b0d04cf0 JavaThread "Sweeper thread" daemon [_thread_blocked, id=1424, stack(0x0000001ab6800000,0x0000001ab6900000)]
  0x000001e7b0dbeb30 JavaThread "Notification Thread" daemon [_thread_blocked, id=9884, stack(0x0000001ab6900000,0x0000001ab6a00000)]
  0x000001e7b0dd1330 JavaThread "Common-Cleaner" daemon [_thread_blocked, id=16020, stack(0x0000001ab6b00000,0x0000001ab6c00000)]
=>0x000001e7b0e07880 JavaThread "C2 CompilerThread1" daemon [_thread_in_native, id=18964, stack(0x0000001ab6c00000,0x0000001ab6d00000)]
  0x000001e7b0fa8410 JavaThread "C2 CompilerThread2" daemon [_thread_in_native, id=15772, stack(0x0000001ab6d00000,0x0000001ab6e00000)]

Other Threads:
  0x000001e7b036a6b0 VMThread "VM Thread" [stack: 0x0000001ab6000000,0x0000001ab6100000] [id=13316]
  0x000001e7b0dcf010 WatcherThread [stack: 0x0000001ab6a00000,0x0000001ab6b00000] [id=15432]
  0x000001e78cda3d00 GCTaskThread "GC Thread#0" [stack: 0x0000001ab5b00000,0x0000001ab5c00000] [id=16276]
  0x000001e7b114e470 GCTaskThread "GC Thread#1" [stack: 0x0000001ab6e00000,0x0000001ab6f00000] [id=6312]
  0x000001e7b114caf0 GCTaskThread "GC Thread#2" [stack: 0x0000001ab6f00000,0x0000001ab7000000] [id=6444]
  0x000001e7b114ce20 GCTaskThread "GC Thread#3" [stack: 0x0000001ab7000000,0x0000001ab7100000] [id=9084]
  0x000001e7b114ee00 GCTaskThread "GC Thread#4" [stack: 0x0000001ab7100000,0x0000001ab7200000] [id=15508]
  0x000001e7b114c160 GCTaskThread "GC Thread#5" [stack: 0x0000001ab7200000,0x0000001ab7300000] [id=17776]
  0x000001e78cdb6310 ConcurrentGCThread "G1 Main Marker" [stack: 0x0000001ab5c00000,0x0000001ab5d00000] [id=6884]
  0x000001e78cdb6f00 ConcurrentGCThread "G1 Conc#0" [stack: 0x0000001ab5d00000,0x0000001ab5e00000] [id=18384]
  0x000001e78ce2e860 ConcurrentGCThread "G1 Refine#0" [stack: 0x0000001ab5e00000,0x0000001ab5f00000] [id=16256]
  0x000001e7b01e2570 ConcurrentGCThread "G1 Young RemSet Sampling" [stack: 0x0000001ab5f00000,0x0000001ab6000000] [id=7364]

Threads with active compile tasks:
C2 CompilerThread0      538  905   !   4       sun.nio.cs.StreamDecoder::read (196 bytes)
C1 CompilerThread0      538  954       2       jdk.internal.loader.URLClassPath$JarLoader$2::getContentLength (9 bytes)
C2 CompilerThread1      538  908       4       java.io.InputStreamReader::read (11 bytes)
C2 CompilerThread2      538  910       4       org.codehaus.plexus.util.InterpolationFilterReader::read (477 bytes)

VM state: not at safepoint (normal execution)

VM Mutex/Monitor currently owned by a thread: None

Heap address: 0x0000000703600000, size: 4042 MB, Compressed Oops mode: Zero based, Oop shift amount: 3
CDS archive(s) mapped at: [0x0000000800000000-0x0000000800b50000-0x0000000800b50000), size 11862016, SharedBaseAddress: 0x0000000800000000, ArchiveRelocationMode: 0.
Compressed class space mapped at: 0x0000000800b50000-0x0000000840b50000, size: 1073741824
Narrow klass base: 0x0000000800000000, Narrow klass shift: 3, Narrow klass range: 0x100000000

GC Precious Log:
 CPUs: 8 total, 8 available
 Memory: 16165M
 Large Page Support: Disabled
 NUMA Support: Disabled
 Compressed Oops: Enabled (Zero based)
 Heap Region Size: 2M
 Heap Min Capacity: 8M
 Heap Initial Capacity: 254M
 Heap Max Capacity: 4042M
 Pre-touch: Disabled
 Parallel Workers: 8
 Concurrent Workers: 2
 Concurrent Refinement Workers: 8
 Periodic GC: Disabled

Heap:
 garbage-first heap   total 260096K, used 5673K [0x0000000703600000, 0x0000000800000000)
  region size 2048K, 4 young (8192K), 2 survivors (4096K)
 Metaspace       used 5255K, capacity 7798K, committed 8064K, reserved 1056768K
  class space    used 610K, capacity 854K, committed 896K, reserved 1048576K

Heap Regions: E=young(eden), S=young(survivor), O=old, HS=humongous(starts), HC=humongous(continues), CS=collection set, F=free, OA=open archive, CA=closed archive, TAMS=top-at-mark-start (previous, next)
|   0|0x0000000703600000, 0x0000000703600000, 0x0000000703800000|  0%| F|  |TAMS 0x0000000703600000, 0x0000000703600000| Untracked 
|   1|0x0000000703800000, 0x0000000703800000, 0x0000000703a00000|  0%| F|  |TAMS 0x0000000703800000, 0x0000000703800000| Untracked 
|   2|0x0000000703a00000, 0x0000000703a00000, 0x0000000703c00000|  0%| F|  |TAMS 0x0000000703a00000, 0x0000000703a00000| Untracked 
|   3|0x0000000703c00000, 0x0000000703c00000, 0x0000000703e00000|  0%| F|  |TAMS 0x0000000703c00000, 0x0000000703c00000| Untracked 
|   4|0x0000000703e00000, 0x0000000703e00000, 0x0000000704000000|  0%| F|  |TAMS 0x0000000703e00000, 0x0000000703e00000| Untracked 
|   5|0x0000000704000000, 0x0000000704000000, 0x0000000704200000|  0%| F|  |TAMS 0x0000000704000000, 0x0000000704000000| Untracked 
|   6|0x0000000704200000, 0x0000000704200000, 0x0000000704400000|  0%| F|  |TAMS 0x0000000704200000, 0x0000000704200000| Untracked 
|   7|0x0000000704400000, 0x0000000704400000, 0x0000000704600000|  0%| F|  |TAMS 0x0000000704400000, 0x0000000704400000| Untracked 
|   8|0x0000000704600000, 0x0000000704600000, 0x0000000704800000|  0%| F|  |TAMS 0x0000000704600000, 0x0000000704600000| Untracked 
|   9|0x0000000704800000, 0x0000000704800000, 0x0000000704a00000|  0%| F|  |TAMS 0x0000000704800000, 0x0000000704800000| Untracked 
|  10|0x0000000704a00000, 0x0000000704a00000, 0x0000000704c00000|  0%| F|  |TAMS 0x0000000704a00000, 0x0000000704a00000| Untracked 
|  11|0x0000000704c00000, 0x0000000704c00000, 0x0000000704e00000|  0%| F|  |TAMS 0x0000000704c00000, 0x0000000704c00000| Untracked 
|  12|0x0000000704e00000, 0x0000000704e00000, 0x0000000705000000|  0%| F|  |TAMS 0x0000000704e00000, 0x0000000704e00000| Untracked 
|  13|0x0000000705000000, 0x0000000705000000, 0x0000000705200000|  0%| F|  |TAMS 0x0000000705000000, 0x0000000705000000| Untracked 
|  14|0x0000000705200000, 0x0000000705200000, 0x0000000705400000|  0%| F|  |TAMS 0x0000000705200000, 0x0000000705200000| Untracked 
|  15|0x0000000705400000, 0x0000000705400000, 0x0000000705600000|  0%| F|  |TAMS 0x0000000705400000, 0x0000000705400000| Untracked 
|  16|0x0000000705600000, 0x0000000705600000, 0x0000000705800000|  0%| F|  |TAMS 0x0000000705600000, 0x0000000705600000| Untracked 
|  17|0x0000000705800000, 0x0000000705800000, 0x0000000705a00000|  0%| F|  |TAMS 0x0000000705800000, 0x0000000705800000| Untracked 
|  18|0x0000000705a00000, 0x0000000705a00000, 0x0000000705c00000|  0%| F|  |TAMS 0x0000000705a00000, 0x0000000705a00000| Untracked 
|  19|0x0000000705c00000, 0x0000000705c00000, 0x0000000705e00000|  0%| F|  |TAMS 0x0000000705c00000, 0x0000000705c00000| Untracked 
|  20|0x0000000705e00000, 0x0000000705e00000, 0x0000000706000000|  0%| F|  |TAMS 0x0000000705e00000, 0x0000000705e00000| Untracked 
|  21|0x0000000706000000, 0x0000000706000000, 0x0000000706200000|  0%| F|  |TAMS 0x0000000706000000, 0x0000000706000000| Untracked 
|  22|0x0000000706200000, 0x0000000706200000, 0x0000000706400000|  0%| F|  |TAMS 0x0000000706200000, 0x0000000706200000| Untracked 
|  23|0x0000000706400000, 0x0000000706400000, 0x0000000706600000|  0%| F|  |TAMS 0x0000000706400000, 0x0000000706400000| Untracked 
|  24|0x0000000706600000, 0x0000000706600000, 0x0000000706800000|  0%| F|  |TAMS 0x0000000706600000, 0x0000000706600000| Untracked 
|  25|0x0000000706800000, 0x0000000706800000, 0x0000000706a00000|  0%| F|  |TAMS 0x0000000706800000, 0x0000000706800000| Untracked 
|  26|0x0000000706a00000, 0x0000000706a00000, 0x0000000706c00000|  0%| F|  |TAMS 0x0000000706a00000, 0x0000000706a00000| Untracked 
|  27|0x0000000706c00000, 0x0000000706c00000, 0x0000000706e00000|  0%| F|  |TAMS 0x0000000706c00000, 0x0000000706c00000| Untracked 
|  28|0x0000000706e00000, 0x0000000706e00000, 0x0000000707000000|  0%| F|  |TAMS 0x0000000706e00000, 0x0000000706e00000| Untracked 
|  29|0x0000000707000000, 0x0000000707000000, 0x0000000707200000|  0%| F|  |TAMS 0x0000000707000000, 0x0000000707000000| Untracked 
|  30|0x0000000707200000, 0x0000000707200000, 0x0000000707400000|  0%| F|  |TAMS 0x0000000707200000, 0x0000000707200000| Untracked 
|  31|0x0000000707400000, 0x0000000707400000, 0x0000000707600000|  0%| F|  |TAMS 0x0000000707400000, 0x0000000707400000| Untracked 
|  32|0x0000000707600000, 0x0000000707600000, 0x0000000707800000|  0%| F|  |TAMS 0x0000000707600000, 0x0000000707600000| Untracked 
|  33|0x0000000707800000, 0x0000000707800000, 0x0000000707a00000|  0%| F|  |TAMS 0x0000000707800000, 0x0000000707800000| Untracked 
|  34|0x0000000707a00000, 0x0000000707a00000, 0x0000000707c00000|  0%| F|  |TAMS 0x0000000707a00000, 0x0000000707a00000| Untracked 
|  35|0x0000000707c00000, 0x0000000707c00000, 0x0000000707e00000|  0%| F|  |TAMS 0x0000000707c00000, 0x0000000707c00000| Untracked 
|  36|0x0000000707e00000, 0x0000000707e00000, 0x0000000708000000|  0%| F|  |TAMS 0x0000000707e00000, 0x0000000707e00000| Untracked 
|  37|0x0000000708000000, 0x0000000708000000, 0x0000000708200000|  0%| F|  |TAMS 0x0000000708000000, 0x0000000708000000| Untracked 
|  38|0x0000000708200000, 0x0000000708200000, 0x0000000708400000|  0%| F|  |TAMS 0x0000000708200000, 0x0000000708200000| Untracked 
|  39|0x0000000708400000, 0x0000000708400000, 0x0000000708600000|  0%| F|  |TAMS 0x0000000708400000, 0x0000000708400000| Untracked 
|  40|0x0000000708600000, 0x0000000708600000, 0x0000000708800000|  0%| F|  |TAMS 0x0000000708600000, 0x0000000708600000| Untracked 
|  41|0x0000000708800000, 0x0000000708800000, 0x0000000708a00000|  0%| F|  |TAMS 0x0000000708800000, 0x0000000708800000| Untracked 
|  42|0x0000000708a00000, 0x0000000708a00000, 0x0000000708c00000|  0%| F|  |TAMS 0x0000000708a00000, 0x0000000708a00000| Untracked 
|  43|0x0000000708c00000, 0x0000000708c00000, 0x0000000708e00000|  0%| F|  |TAMS 0x0000000708c00000, 0x0000000708c00000| Untracked 
|  44|0x0000000708e00000, 0x0000000708e00000, 0x0000000709000000|  0%| F|  |TAMS 0x0000000708e00000, 0x0000000708e00000| Untracked 
|  45|0x0000000709000000, 0x0000000709000000, 0x0000000709200000|  0%| F|  |TAMS 0x0000000709000000, 0x0000000709000000| Untracked 
|  46|0x0000000709200000, 0x0000000709200000, 0x0000000709400000|  0%| F|  |TAMS 0x0000000709200000, 0x0000000709200000| Untracked 
|  47|0x0000000709400000, 0x0000000709400000, 0x0000000709600000|  0%| F|  |TAMS 0x0000000709400000, 0x0000000709400000| Untracked 
|  48|0x0000000709600000, 0x0000000709600000, 0x0000000709800000|  0%| F|  |TAMS 0x0000000709600000, 0x0000000709600000| Untracked 
|  49|0x0000000709800000, 0x0000000709800000, 0x0000000709a00000|  0%| F|  |TAMS 0x0000000709800000, 0x0000000709800000| Untracked 
|  50|0x0000000709a00000, 0x0000000709a00000, 0x0000000709c00000|  0%| F|  |TAMS 0x0000000709a00000, 0x0000000709a00000| Untracked 
|  51|0x0000000709c00000, 0x0000000709c00000, 0x0000000709e00000|  0%| F|  |TAMS 0x0000000709c00000, 0x0000000709c00000| Untracked 
|  52|0x0000000709e00000, 0x0000000709e00000, 0x000000070a000000|  0%| F|  |TAMS 0x0000000709e00000, 0x0000000709e00000| Untracked 
|  53|0x000000070a000000, 0x000000070a000000, 0x000000070a200000|  0%| F|  |TAMS 0x000000070a000000, 0x000000070a000000| Untracked 
|  54|0x000000070a200000, 0x000000070a200000, 0x000000070a400000|  0%| F|  |TAMS 0x000000070a200000, 0x000000070a200000| Untracked 
|  55|0x000000070a400000, 0x000000070a400000, 0x000000070a600000|  0%| F|  |TAMS 0x000000070a400000, 0x000000070a400000| Untracked 
|  56|0x000000070a600000, 0x000000070a600000, 0x000000070a800000|  0%| F|  |TAMS 0x000000070a600000, 0x000000070a600000| Untracked 
|  57|0x000000070a800000, 0x000000070a800000, 0x000000070aa00000|  0%| F|  |TAMS 0x000000070a800000, 0x000000070a800000| Untracked 
|  58|0x000000070aa00000, 0x000000070aa00000, 0x000000070ac00000|  0%| F|  |TAMS 0x000000070aa00000, 0x000000070aa00000| Untracked 
|  59|0x000000070ac00000, 0x000000070ac00000, 0x000000070ae00000|  0%| F|  |TAMS 0x000000070ac00000, 0x000000070ac00000| Untracked 
|  60|0x000000070ae00000, 0x000000070ae00000, 0x000000070b000000|  0%| F|  |TAMS 0x000000070ae00000, 0x000000070ae00000| Untracked 
|  61|0x000000070b000000, 0x000000070b000000, 0x000000070b200000|  0%| F|  |TAMS 0x000000070b000000, 0x000000070b000000| Untracked 
|  62|0x000000070b200000, 0x000000070b200000, 0x000000070b400000|  0%| F|  |TAMS 0x000000070b200000, 0x000000070b200000| Untracked 
|  63|0x000000070b400000, 0x000000070b400000, 0x000000070b600000|  0%| F|  |TAMS 0x000000070b400000, 0x000000070b400000| Untracked 
|  64|0x000000070b600000, 0x000000070b600000, 0x000000070b800000|  0%| F|  |TAMS 0x000000070b600000, 0x000000070b600000| Untracked 
|  65|0x000000070b800000, 0x000000070b800000, 0x000000070ba00000|  0%| F|  |TAMS 0x000000070b800000, 0x000000070b800000| Untracked 
|  66|0x000000070ba00000, 0x000000070ba00000, 0x000000070bc00000|  0%| F|  |TAMS 0x000000070ba00000, 0x000000070ba00000| Untracked 
|  67|0x000000070bc00000, 0x000000070bc00000, 0x000000070be00000|  0%| F|  |TAMS 0x000000070bc00000, 0x000000070bc00000| Untracked 
|  68|0x000000070be00000, 0x000000070be00000, 0x000000070c000000|  0%| F|  |TAMS 0x000000070be00000, 0x000000070be00000| Untracked 
|  69|0x000000070c000000, 0x000000070c000000, 0x000000070c200000|  0%| F|  |TAMS 0x000000070c000000, 0x000000070c000000| Untracked 
|  70|0x000000070c200000, 0x000000070c200000, 0x000000070c400000|  0%| F|  |TAMS 0x000000070c200000, 0x000000070c200000| Untracked 
|  71|0x000000070c400000, 0x000000070c400000, 0x000000070c600000|  0%| F|  |TAMS 0x000000070c400000, 0x000000070c400000| Untracked 
|  72|0x000000070c600000, 0x000000070c600000, 0x000000070c800000|  0%| F|  |TAMS 0x000000070c600000, 0x000000070c600000| Untracked 
|  73|0x000000070c800000, 0x000000070c800000, 0x000000070ca00000|  0%| F|  |TAMS 0x000000070c800000, 0x000000070c800000| Untracked 
|  74|0x000000070ca00000, 0x000000070ca00000, 0x000000070cc00000|  0%| F|  |TAMS 0x000000070ca00000, 0x000000070ca00000| Untracked 
|  75|0x000000070cc00000, 0x000000070cc00000, 0x000000070ce00000|  0%| F|  |TAMS 0x000000070cc00000, 0x000000070cc00000| Untracked 
|  76|0x000000070ce00000, 0x000000070ce00000, 0x000000070d000000|  0%| F|  |TAMS 0x000000070ce00000, 0x000000070ce00000| Untracked 
|  77|0x000000070d000000, 0x000000070d000000, 0x000000070d200000|  0%| F|  |TAMS 0x000000070d000000, 0x000000070d000000| Untracked 
|  78|0x000000070d200000, 0x000000070d200000, 0x000000070d400000|  0%| F|  |TAMS 0x000000070d200000, 0x000000070d200000| Untracked 
|  79|0x000000070d400000, 0x000000070d400000, 0x000000070d600000|  0%| F|  |TAMS 0x000000070d400000, 0x000000070d400000| Untracked 
|  80|0x000000070d600000, 0x000000070d600000, 0x000000070d800000|  0%| F|  |TAMS 0x000000070d600000, 0x000000070d600000| Untracked 
|  81|0x000000070d800000, 0x000000070d800000, 0x000000070da00000|  0%| F|  |TAMS 0x000000070d800000, 0x000000070d800000| Untracked 
|  82|0x000000070da00000, 0x000000070da00000, 0x000000070dc00000|  0%| F|  |TAMS 0x000000070da00000, 0x000000070da00000| Untracked 
|  83|0x000000070dc00000, 0x000000070dc00000, 0x000000070de00000|  0%| F|  |TAMS 0x000000070dc00000, 0x000000070dc00000| Untracked 
|  84|0x000000070de00000, 0x000000070de00000, 0x000000070e000000|  0%| F|  |TAMS 0x000000070de00000, 0x000000070de00000| Untracked 
|  85|0x000000070e000000, 0x000000070e000000, 0x000000070e200000|  0%| F|  |TAMS 0x000000070e000000, 0x000000070e000000| Untracked 
|  86|0x000000070e200000, 0x000000070e200000, 0x000000070e400000|  0%| F|  |TAMS 0x000000070e200000, 0x000000070e200000| Untracked 
|  87|0x000000070e400000, 0x000000070e400000, 0x000000070e600000|  0%| F|  |TAMS 0x000000070e400000, 0x000000070e400000| Untracked 
|  88|0x000000070e600000, 0x000000070e600000, 0x000000070e800000|  0%| F|  |TAMS 0x000000070e600000, 0x000000070e600000| Untracked 
|  89|0x000000070e800000, 0x000000070e800000, 0x000000070ea00000|  0%| F|  |TAMS 0x000000070e800000, 0x000000070e800000| Untracked 
|  90|0x000000070ea00000, 0x000000070ea00000, 0x000000070ec00000|  0%| F|  |TAMS 0x000000070ea00000, 0x000000070ea00000| Untracked 
|  91|0x000000070ec00000, 0x000000070ec00000, 0x000000070ee00000|  0%| F|  |TAMS 0x000000070ec00000, 0x000000070ec00000| Untracked 
|  92|0x000000070ee00000, 0x000000070ee00000, 0x000000070f000000|  0%| F|  |TAMS 0x000000070ee00000, 0x000000070ee00000| Untracked 
|  93|0x000000070f000000, 0x000000070f000000, 0x000000070f200000|  0%| F|  |TAMS 0x000000070f000000, 0x000000070f000000| Untracked 
|  94|0x000000070f200000, 0x000000070f200000, 0x000000070f400000|  0%| F|  |TAMS 0x000000070f200000, 0x000000070f200000| Untracked 
|  95|0x000000070f400000, 0x000000070f400000, 0x000000070f600000|  0%| F|  |TAMS 0x000000070f400000, 0x000000070f400000| Untracked 
|  96|0x000000070f600000, 0x000000070f600000, 0x000000070f800000|  0%| F|  |TAMS 0x000000070f600000, 0x000000070f600000| Untracked 
|  97|0x000000070f800000, 0x000000070f800000, 0x000000070fa00000|  0%| F|  |TAMS 0x000000070f800000, 0x000000070f800000| Untracked 
|  98|0x000000070fa00000, 0x000000070fa00000, 0x000000070fc00000|  0%| F|  |TAMS 0x000000070fa00000, 0x000000070fa00000| Untracked 
|  99|0x000000070fc00000, 0x000000070fc00000, 0x000000070fe00000|  0%| F|  |TAMS 0x000000070fc00000, 0x000000070fc00000| Untracked 
| 100|0x000000070fe00000, 0x000000070fe00000, 0x0000000710000000|  0%| F|  |TAMS 0x000000070fe00000, 0x000000070fe00000| Untracked 
| 101|0x0000000710000000, 0x0000000710000000, 0x0000000710200000|  0%| F|  |TAMS 0x0000000710000000, 0x0000000710000000| Untracked 
| 102|0x0000000710200000, 0x0000000710200000, 0x0000000710400000|  0%| F|  |TAMS 0x0000000710200000, 0x0000000710200000| Untracked 
| 103|0x0000000710400000, 0x0000000710400000, 0x0000000710600000|  0%| F|  |TAMS 0x0000000710400000, 0x0000000710400000| Untracked 
| 104|0x0000000710600000, 0x0000000710600000, 0x0000000710800000|  0%| F|  |TAMS 0x0000000710600000, 0x0000000710600000| Untracked 
| 105|0x0000000710800000, 0x0000000710800000, 0x0000000710a00000|  0%| F|  |TAMS 0x0000000710800000, 0x0000000710800000| Untracked 
| 106|0x0000000710a00000, 0x0000000710a00000, 0x0000000710c00000|  0%| F|  |TAMS 0x0000000710a00000, 0x0000000710a00000| Untracked 
| 107|0x0000000710c00000, 0x0000000710c00000, 0x0000000710e00000|  0%| F|  |TAMS 0x0000000710c00000, 0x0000000710c00000| Untracked 
| 108|0x0000000710e00000, 0x0000000710e00000, 0x0000000711000000|  0%| F|  |TAMS 0x0000000710e00000, 0x0000000710e00000| Untracked 
| 109|0x0000000711000000, 0x0000000711000000, 0x0000000711200000|  0%| F|  |TAMS 0x0000000711000000, 0x0000000711000000| Untracked 
| 110|0x0000000711200000, 0x0000000711200000, 0x0000000711400000|  0%| F|  |TAMS 0x0000000711200000, 0x0000000711200000| Untracked 
| 111|0x0000000711400000, 0x0000000711400000, 0x0000000711600000|  0%| F|  |TAMS 0x0000000711400000, 0x0000000711400000| Untracked 
| 112|0x0000000711600000, 0x0000000711600000, 0x0000000711800000|  0%| F|  |TAMS 0x0000000711600000, 0x0000000711600000| Untracked 
| 113|0x0000000711800000, 0x0000000711800000, 0x0000000711a00000|  0%| F|  |TAMS 0x0000000711800000, 0x0000000711800000| Untracked 
| 114|0x0000000711a00000, 0x0000000711b8a550, 0x0000000711c00000| 77%| S|CS|TAMS 0x0000000711a00000, 0x0000000711a00000| Complete 
| 115|0x0000000711c00000, 0x0000000711e00000, 0x0000000711e00000|100%| S|CS|TAMS 0x0000000711c00000, 0x0000000711c00000| Complete 
| 116|0x0000000711e00000, 0x0000000711e00000, 0x0000000712000000|  0%| F|  |TAMS 0x0000000711e00000, 0x0000000711e00000| Untracked 
| 117|0x0000000712000000, 0x0000000712000000, 0x0000000712200000|  0%| F|  |TAMS 0x0000000712000000, 0x0000000712000000| Untracked 
| 118|0x0000000712200000, 0x0000000712200000, 0x0000000712400000|  0%| F|  |TAMS 0x0000000712200000, 0x0000000712200000| Untracked 
| 119|0x0000000712400000, 0x0000000712400000, 0x0000000712600000|  0%| F|  |TAMS 0x0000000712400000, 0x0000000712400000| Untracked 
| 120|0x0000000712600000, 0x0000000712600000, 0x0000000712800000|  0%| F|  |TAMS 0x0000000712600000, 0x0000000712600000| Untracked 
| 121|0x0000000712800000, 0x0000000712800000, 0x0000000712a00000|  0%| F|  |TAMS 0x0000000712800000, 0x0000000712800000| Untracked 
| 122|0x0000000712a00000, 0x0000000712a00000, 0x0000000712c00000|  0%| F|  |TAMS 0x0000000712a00000, 0x0000000712a00000| Untracked 
| 123|0x0000000712c00000, 0x0000000712c00000, 0x0000000712e00000|  0%| F|  |TAMS 0x0000000712c00000, 0x0000000712c00000| Untracked 
| 124|0x0000000712e00000, 0x0000000712e00000, 0x0000000713000000|  0%| F|  |TAMS 0x0000000712e00000, 0x0000000712e00000| Untracked 
| 125|0x0000000713000000, 0x0000000713200000, 0x0000000713200000|100%| E|  |TAMS 0x0000000713000000, 0x0000000713000000| Complete 
| 126|0x0000000713200000, 0x0000000713400000, 0x0000000713400000|100%| E|CS|TAMS 0x0000000713200000, 0x0000000713200000| Complete 

Card table byte_map: [0x000001e7a4ab0000,0x000001e7a52a0000] _byte_map_base: 0x000001e7a1295000

Marking Bits (Prev, Next): (CMBitMap*) 0x000001e78cda4570, (CMBitMap*) 0x000001e78cda45b0
 Prev Bits: [0x000001e7a5a90000, 0x000001e7a99b8000)
 Next Bits: [0x000001e7a99c0000, 0x000001e7ad8e8000)

Polling page: 0x000001e78ad10000

Metaspace:

Usage:
  Non-class:      6.78 MB capacity,     4.54 MB ( 67%) used,     2.24 MB ( 33%) free+waste,     3.69 KB ( <1%) overhead. 
      Class:    854.00 KB capacity,   610.98 KB ( 72%) used,   241.27 KB ( 28%) free+waste,     1.75 KB ( <1%) overhead. 
       Both:      7.62 MB capacity,     5.13 MB ( 67%) used,     2.48 MB ( 33%) free+waste,     5.44 KB ( <1%) overhead. 

Virtual space:
  Non-class space:        8.00 MB reserved,       7.00 MB ( 88%) committed 
      Class space:        1.00 GB reserved,     896.00 KB ( <1%) committed 
             Both:        1.01 GB reserved,       7.88 MB ( <1%) committed 

Chunk freelists:
   Non-Class:  32.00 KB
       Class:  10.00 KB
        Both:  42.00 KB

MaxMetaspaceSize: 17179869184.00 GB
CompressedClassSpaceSize: 1.00 GB

CodeHeap 'non-profiled nmethods': size=120000Kb used=280Kb max_used=280Kb free=119719Kb
 bounds [0x000001e79ca60000, 0x000001e79ccd0000, 0x000001e7a3f90000]
CodeHeap 'profiled nmethods': size=120000Kb used=1855Kb max_used=1855Kb free=118144Kb
 bounds [0x000001e795530000, 0x000001e7957a0000, 0x000001e79ca60000]
CodeHeap 'non-nmethods': size=5760Kb used=1159Kb max_used=1180Kb free=4600Kb
 bounds [0x000001e794f90000, 0x000001e795200000, 0x000001e795530000]
 total_blobs=1345 nmethods=933 adapters=325
 compilation: enabled
              stopped_count=0, restarted_count=0
 full_count=0

Compilation events (20 events):
Event: 0.485 Thread 0x000001e7b0cfc5e0  932       3       org.codehaus.plexus.util.xml.pull.MXParser::getText (125 bytes)
Event: 0.485 Thread 0x000001e7b0cfc5e0 nmethod 932 0x000001e7956f8510 code [0x000001e7956f86e0, 0x000001e7956f8c18]
Event: 0.485 Thread 0x000001e7b0cfc5e0  941       3       java.lang.StringLatin1::trim (76 bytes)
Event: 0.485 Thread 0x000001e7b0cfc5e0 nmethod 941 0x000001e7956f8d10 code [0x000001e7956f8ee0, 0x000001e7956f92a8]
Event: 0.485 Thread 0x000001e7b0cfc5e0  940       3       org.codehaus.plexus.util.xml.pull.MXParser::ensureElementsCapacity (265 bytes)
Event: 0.486 Thread 0x000001e7b0cfc5e0 nmethod 940 0x000001e7956f9410 code [0x000001e7956f9680, 0x000001e7956fa7c8]
Event: 0.486 Thread 0x000001e7b0cfc5e0  942       3       org.eclipse.sisu.plexus.PlexusXmlScanner::TEXT (10 bytes)
Event: 0.486 Thread 0x000001e7b0cfc5e0 nmethod 942 0x000001e7956faa90 code [0x000001e7956fac80, 0x000001e7956fb028]
Event: 0.486 Thread 0x000001e7b0cfc5e0  943       3       org.codehaus.plexus.util.xml.pull.MXParser::nextText (103 bytes)
Event: 0.487 Thread 0x000001e7b0cfc5e0 nmethod 943 0x000001e7956fb190 code [0x000001e7956fb460, 0x000001e7956fc028]
Event: 0.494 Thread 0x000001e7b0cfc5e0  947       1       org.codehaus.plexus.util.xml.pull.MXParser::getDepth (5 bytes)
Event: 0.494 Thread 0x000001e7b0cfc5e0 nmethod 947 0x000001e79caa5f10 code [0x000001e79caa60a0, 0x000001e79caa6158]
Event: 0.510 Thread 0x000001e7b0cfc5e0  950 %     3       org.codehaus.plexus.util.InterpolationFilterReader::read @ 3 (48 bytes)
Event: 0.510 Thread 0x000001e7b0cfc5e0 nmethod 950% 0x000001e7956fc490 code [0x000001e7956fc660, 0x000001e7956fc9e8]
Event: 0.510 Thread 0x000001e7b0cfc5e0  951       3       org.codehaus.plexus.util.InterpolationFilterReader::read (48 bytes)
Event: 0.510 Thread 0x000001e7b0cfc5e0 nmethod 951 0x000001e7956fcb90 code [0x000001e7956fcd40, 0x000001e7956fd028]
Event: 0.512 Thread 0x000001e7b0cfc5e0  952       2       java.util.Collections::emptyMap (4 bytes)
Event: 0.512 Thread 0x000001e7b0cfc5e0 nmethod 952 0x000001e7956fd190 code [0x000001e7956fd320, 0x000001e7956fd3f8]
Event: 0.512 Thread 0x000001e7b0cfc5e0  953       2       org.codehaus.plexus.util.xml.pull.MXParser::require (443 bytes)
Event: 0.514 Thread 0x000001e7b0cfc5e0 nmethod 953 0x000001e7956fd490 code [0x000001e7956fda40, 0x000001e7956feff8]

GC Heap History (2 events):
Event: 0.505 GC heap before
{Heap before GC invocations=0 (full 0):
 garbage-first heap   total 260096K, used 22528K [0x0000000703600000, 0x0000000800000000)
  region size 2048K, 11 young (22528K), 0 survivors (0K)
 Metaspace       used 5105K, capacity 7670K, committed 7808K, reserved 1056768K
  class space    used 585K, capacity 854K, committed 896K, reserved 1048576K
}
Event: 0.509 GC heap after
{Heap after GC invocations=1 (full 0):
 garbage-first heap   total 260096K, used 3625K [0x0000000703600000, 0x0000000800000000)
  region size 2048K, 2 young (4096K), 2 survivors (4096K)
 Metaspace       used 5105K, capacity 7670K, committed 7808K, reserved 1056768K
  class space    used 585K, capacity 854K, committed 896K, reserved 1048576K
}

Deoptimization events (20 events):
Event: 0.301 Thread 0x000001e78cd59640 DEOPT PACKING pc=0x000001e79ca66434 sp=0x0000001ab5afdeb0
Event: 0.301 Thread 0x000001e78cd59640 DEOPT UNPACKING pc=0x000001e794fde42f sp=0x0000001ab5afde40 mode 2
Event: 0.395 Thread 0x000001e78cd59640 DEOPT PACKING pc=0x000001e79556403b sp=0x0000001ab5af99e0
Event: 0.395 Thread 0x000001e78cd59640 DEOPT UNPACKING pc=0x000001e794fde23f sp=0x0000001ab5af8e58 mode 0
Event: 0.449 Thread 0x000001e78cd59640 DEOPT PACKING pc=0x000001e79565e8c7 sp=0x0000001ab5af91b0
Event: 0.449 Thread 0x000001e78cd59640 DEOPT UNPACKING pc=0x000001e794fde23f sp=0x0000001ab5af8600 mode 0
Event: 0.456 Thread 0x000001e78cd59640 Uncommon trap: trap_request=0xffffff45 fr.pc=0x000001e79caa2244 relative=0x0000000000000944
Event: 0.456 Thread 0x000001e78cd59640 Uncommon trap: reason=unstable_if action=reinterpret pc=0x000001e79caa2244 method=java.util.HashMap.putVal(ILjava/lang/Object;Ljava/lang/Object;ZZ)Ljava/lang/Object; @ 181 c2
Event: 0.456 Thread 0x000001e78cd59640 DEOPT PACKING pc=0x000001e79caa2244 sp=0x0000001ab5afe090
Event: 0.456 Thread 0x000001e78cd59640 DEOPT UNPACKING pc=0x000001e794fde42f sp=0x0000001ab5afe020 mode 2
Event: 0.462 Thread 0x000001e78cd59640 Uncommon trap: trap_request=0xffffff45 fr.pc=0x000001e79ca80d30 relative=0x00000000000000b0
Event: 0.462 Thread 0x000001e78cd59640 Uncommon trap: reason=unstable_if action=reinterpret pc=0x000001e79ca80d30 method=org.codehaus.plexus.util.xml.pull.MXParser.more()C @ 8 c2
Event: 0.462 Thread 0x000001e78cd59640 DEOPT PACKING pc=0x000001e79ca80d30 sp=0x0000001ab5afdf10
Event: 0.462 Thread 0x000001e78cd59640 DEOPT UNPACKING pc=0x000001e794fde42f sp=0x0000001ab5afdea0 mode 2
Event: 0.472 Thread 0x000001e78cd59640 DEOPT PACKING pc=0x000001e7955ab2dd sp=0x0000001ab5afd2a0
Event: 0.472 Thread 0x000001e78cd59640 DEOPT UNPACKING pc=0x000001e794fde23f sp=0x0000001ab5afc700 mode 0
Event: 0.513 Thread 0x000001e78cd59640 DEOPT PACKING pc=0x000001e7955686d0 sp=0x0000001ab5afd760
Event: 0.513 Thread 0x000001e78cd59640 DEOPT UNPACKING pc=0x000001e794fde23f sp=0x0000001ab5afcbe8 mode 0
Event: 0.515 Thread 0x000001e78cd59640 DEOPT PACKING pc=0x000001e7956fcf92 sp=0x0000001ab5afdc80
Event: 0.515 Thread 0x000001e78cd59640 DEOPT UNPACKING pc=0x000001e794fde23f sp=0x0000001ab5afd138 mode 0

Classes unloaded (0 events):
No events

Classes redefined (0 events):
No events

Internal exceptions (2 events):
Event: 0.334 Thread 0x000001e78cd59640 Exception <a 'java/lang/NoSuchMethodError'{0x0000000712bb9e78}: 'void java.lang.invoke.DirectMethodHandle$Holder.invokeSpecial(java.lang.Object, java.lang.Object, java.lang.Object)'> (0x0000000712bb9e78) 
thrown [./open/src/hotspot/share/interpreter/linkResolver.cpp, line 782]
Event: 0.430 Thread 0x000001e78cd59640 Exception <a 'java/lang/NoSuchMethodError'{0x00000007125017c8}: 'java.lang.Object java.lang.invoke.DirectMethodHandle$Holder.newInvokeSpecial(java.lang.Object, java.lang.Object, java.lang.Object, java.lang.Object, java.lang.Object)'> (0x00000007125017c8) 
thrown [./open/src/hotspot/share/interpreter/linkResolver.cpp, line 782]

Events (20 events):
Event: 0.449 loading class sun/reflect/generics/tree/FormalTypeParameter done
Event: 0.449 loading class sun/reflect/generics/tree/ClassSignature
Event: 0.449 loading class sun/reflect/generics/tree/Signature
Event: 0.449 loading class sun/reflect/generics/tree/Signature done
Event: 0.449 loading class sun/reflect/generics/tree/ClassSignature done
Event: 0.449 loading class java/lang/reflect/TypeVariable
Event: 0.449 loading class java/lang/reflect/TypeVariable done
Event: 0.449 loading class java/lang/reflect/WildcardType
Event: 0.449 loading class java/lang/reflect/WildcardType done
Event: 0.451 loading class sun/reflect/generics/tree/TypeVariableSignature
Event: 0.451 loading class sun/reflect/generics/tree/TypeVariableSignature done
Event: 0.458 loading class java/lang/annotation/IncompleteAnnotationException
Event: 0.458 loading class java/lang/annotation/IncompleteAnnotationException done
Event: 0.479 loading class jdk/internal/access/foreign/MemorySegmentProxy
Event: 0.479 loading class jdk/internal/access/foreign/MemorySegmentProxy done
Event: 0.480 Thread 0x000001e7b0fa8410 Thread added: 0x000001e7b0fa8410
Event: 0.505 Executing VM operation: G1CollectForAllocation
Event: 0.509 Executing VM operation: G1CollectForAllocation done
Event: 0.509 Executing VM operation: HandshakeAllThreads
Event: 0.509 Executing VM operation: HandshakeAllThreads done


Dynamic libraries:
0x00007ff61b610000 - 0x00007ff61b61f000 	C:\Program Files\Java\jdk-15.0.1\bin\java.exe
0x00007fff3d530000 - 0x00007fff3d725000 	C:\WINDOWS\SYSTEM32\ntdll.dll
0x00007fff3b900000 - 0x00007fff3b9bd000 	C:\WINDOWS\System32\KERNEL32.DLL
0x00007fff3acd0000 - 0x00007fff3af98000 	C:\WINDOWS\System32\KERNELBASE.dll
0x00007fff3afd0000 - 0x00007fff3b0d0000 	C:\WINDOWS\System32\ucrtbase.dll
0x00007fff0d150000 - 0x00007fff0d169000 	C:\Program Files\Java\jdk-15.0.1\bin\VCRUNTIME140.dll
0x00007fff2ab60000 - 0x00007fff2ab78000 	C:\Program Files\Java\jdk-15.0.1\bin\jli.dll
0x00007fff3b650000 - 0x00007fff3b6fc000 	C:\WINDOWS\System32\ADVAPI32.dll
0x00007fff3d020000 - 0x00007fff3d0be000 	C:\WINDOWS\System32\msvcrt.dll
0x00007fff3d0c0000 - 0x00007fff3d15b000 	C:\WINDOWS\System32\sechost.dll
0x00007fff3d3c0000 - 0x00007fff3d4eb000 	C:\WINDOWS\System32\RPCRT4.dll
0x00007fff3bf00000 - 0x00007fff3c0a0000 	C:\WINDOWS\System32\USER32.dll
0x00007fff1a8a0000 - 0x00007fff1ab3a000 	C:\WINDOWS\WinSxS\amd64_microsoft.windows.common-controls_6595b64144ccf1df_6.0.19041.1052_none_60b8f8fd71f5e8cb\COMCTL32.dll
0x00007fff3b230000 - 0x00007fff3b252000 	C:\WINDOWS\System32\win32u.dll
0x00007fff3c6a0000 - 0x00007fff3c6ca000 	C:\WINDOWS\System32\GDI32.dll
0x00007fff3b310000 - 0x00007fff3b41b000 	C:\WINDOWS\System32\gdi32full.dll
0x00007fff3b470000 - 0x00007fff3b50d000 	C:\WINDOWS\System32\msvcp_win.dll
0x00007fff32ec0000 - 0x00007fff32eca000 	C:\WINDOWS\SYSTEM32\VERSION.dll
0x00007fff3b8d0000 - 0x00007fff3b900000 	C:\WINDOWS\System32\IMM32.DLL
0x00007fff174d0000 - 0x00007fff174dc000 	C:\Program Files\Java\jdk-15.0.1\bin\vcruntime140_1.dll
0x00007ffeead00000 - 0x00007ffeead91000 	C:\Program Files\Java\jdk-15.0.1\bin\msvcp140.dll
0x00007ffeb36b0000 - 0x00007ffeb420e000 	C:\Program Files\Java\jdk-15.0.1\bin\server\jvm.dll
0x00007fff3bee0000 - 0x00007fff3bee8000 	C:\WINDOWS\System32\PSAPI.DLL
0x00007fff226a0000 - 0x00007fff226c7000 	C:\WINDOWS\SYSTEM32\WINMM.dll
0x00007fff179d0000 - 0x00007fff179d9000 	C:\WINDOWS\SYSTEM32\WSOCK32.dll
0x00007fff3d2f0000 - 0x00007fff3d35b000 	C:\WINDOWS\System32\WS2_32.dll
0x00007fff38bc0000 - 0x00007fff38bd2000 	C:\WINDOWS\SYSTEM32\kernel.appcore.dll
0x00007fff16470000 - 0x00007fff1647a000 	C:\Program Files\Java\jdk-15.0.1\bin\jimage.dll
0x00007fff384b0000 - 0x00007fff38694000 	C:\WINDOWS\SYSTEM32\DBGHELP.DLL
0x00007fff31330000 - 0x00007fff3135c000 	C:\WINDOWS\SYSTEM32\dbgcore.DLL
0x00007fff3b510000 - 0x00007fff3b593000 	C:\WINDOWS\System32\bcryptPrimitives.dll
0x00007ffeeb450000 - 0x00007ffeeb475000 	C:\Program Files\Java\jdk-15.0.1\bin\java.dll
0x00007fff3c8e0000 - 0x00007fff3d01f000 	C:\WINDOWS\System32\SHELL32.dll
0x00007fff38dc0000 - 0x00007fff39550000 	C:\WINDOWS\SYSTEM32\windows.storage.dll
0x00007fff3b9c0000 - 0x00007fff3bd15000 	C:\WINDOWS\System32\combase.dll
0x00007fff3a6e0000 - 0x00007fff3a70c000 	C:\WINDOWS\SYSTEM32\Wldp.dll
0x00007fff3c510000 - 0x00007fff3c5be000 	C:\WINDOWS\System32\SHCORE.dll
0x00007fff3d360000 - 0x00007fff3d3b5000 	C:\WINDOWS\System32\shlwapi.dll
0x00007fff3abb0000 - 0x00007fff3abcf000 	C:\WINDOWS\SYSTEM32\profapi.dll
0x00007fff0d0f0000 - 0x00007fff0d109000 	C:\Program Files\Java\jdk-15.0.1\bin\net.dll
0x00007fff2f940000 - 0x00007fff2fa4b000 	C:\WINDOWS\SYSTEM32\WINHTTP.dll
0x00007fff3a450000 - 0x00007fff3a4ba000 	C:\WINDOWS\system32\mswsock.dll
0x00007ffefbdf0000 - 0x00007ffefbe02000 	C:\Program Files\Java\jdk-15.0.1\bin\nio.dll
0x00007ffef8270000 - 0x00007ffef8288000 	C:\Program Files\Java\jdk-15.0.1\bin\zip.dll
0x00007fff16390000 - 0x00007fff163a0000 	C:\Program Files\Java\jdk-15.0.1\bin\verify.dll
0x00007fff2f080000 - 0x00007fff2f08a000 	C:\Program Files\NetBeans-12.3\netbeans\java\maven\lib\jansi-native\windows64\jansi.dll

dbghelp: loaded successfully - version: 4.0.5 - missing functions: none
symbol engine: initialized successfully - sym options: 0x614 - pdb path: .;C:\Program Files\Java\jdk-15.0.1\bin;C:\WINDOWS\SYSTEM32;C:\WINDOWS\WinSxS\amd64_microsoft.windows.common-controls_6595b64144ccf1df_6.0.19041.1052_none_60b8f8fd71f5e8cb;C:\Program Files\Java\jdk-15.0.1\bin\server;C:\Program Files\NetBeans-12.3\netbeans\java\maven\lib\jansi-native\windows64

VM Arguments:
jvm_args: -Dclassworlds.conf=C:\Program Files\NetBeans-12.3\netbeans\java\maven\bin\..\bin\m2.conf -Dmaven.home=C:\Program Files\NetBeans-12.3\netbeans\java\maven\bin\.. -Dlibrary.jansi.path=C:\Program Files\NetBeans-12.3\netbeans\java\maven\bin\..\lib\jansi-native -Dmaven.multiModuleProjectDirectory=D:\JAVA\Java2 
java_command: org.codehaus.plexus.classworlds.launcher.Launcher -Dexec.args=-classpath %classpath Assigment.FORM -Dexec.executable=C:\Program Files\Java\jdk-15.0.1\bin\java.exe -Dexec.classpathScope=runtime -Dmaven.ext.class.path=C:\Program Files\NetBeans-12.3\netbeans\java\maven-nblib\netbeans-eventspy.jar -Dfile.encoding=UTF-8 org.codehaus.mojo:exec-maven-plugin:3.0.0:exec
java_class_path (initial): C:\Program Files\NetBeans-12.3\netbeans\java\maven\bin\..\boot\plexus-classworlds-2.6.0.jar
Launcher Type: SUN_STANDARD

[Global flags]
     intx CICompilerCount                          = 4                                         {product} {ergonomic}
     uint ConcGCThreads                            = 2                                         {product} {ergonomic}
     uint G1ConcRefinementThreads                  = 8                                         {product} {ergonomic}
   size_t G1HeapRegionSize                         = 2097152                                   {product} {ergonomic}
    uintx GCDrainStackTargetSize                   = 64                                        {product} {ergonomic}
   size_t InitialHeapSize                          = 266338304                                 {product} {ergonomic}
   size_t MarkStackSize                            = 4194304                                   {product} {ergonomic}
   size_t MaxHeapSize                              = 4238344192                                {product} {ergonomic}
   size_t MaxNewSize                               = 2541748224                                {product} {ergonomic}
   size_t MinHeapDeltaBytes                        = 2097152                                   {product} {ergonomic}
   size_t MinHeapSize                              = 8388608                                   {product} {ergonomic}
    uintx NonNMethodCodeHeapSize                   = 5839372                                {pd product} {ergonomic}
    uintx NonProfiledCodeHeapSize                  = 122909434                              {pd product} {ergonomic}
    uintx ProfiledCodeHeapSize                     = 122909434                              {pd product} {ergonomic}
    uintx ReservedCodeCacheSize                    = 251658240                              {pd product} {ergonomic}
     bool SegmentedCodeCache                       = true                                      {product} {ergonomic}
   size_t SoftMaxHeapSize                          = 4238344192                             {manageable} {ergonomic}
     bool UseCompressedClassPointers               = true                                 {lp64_product} {ergonomic}
     bool UseCompressedOops                        = true                                 {lp64_product} {ergonomic}
     bool UseG1GC                                  = true                                      {product} {ergonomic}
     bool UseLargePagesIndividualAllocation        = false                                  {pd product} {ergonomic}

Logging:
Log output configuration:
 #0: stdout all=warning uptime,level,tags
 #1: stderr all=off uptime,level,tags

Environment Variables:
JAVA_HOME=C:\Program Files\Java\jdk-15.0.1
PATH=C:\Program Files\Common Files\Oracle\Java\javapath;C:\Program Files\AdoptOpenJDK\jdk-16.0.1.9-hotspot\bin;C:\Program Files (x86)\Common Files\Oracle\Java\javapath;C:\WINDOWS\system32;C:\WINDOWS;C:\WINDOWS\System32\Wbem;C:\WINDOWS\System32\WindowsPowerShell\v1.0\;C:\WINDOWS\System32\OpenSSH\;C:\Program Files (x86)\Intel\Intel(R) Management Engine Components\DAL;C:\Program Files\Intel\Intel(R) Management Engine Components\DAL;C:\Program Files\NVIDIA Corporation\NVIDIA NvDLISR;C:\Program Files (x86)\NVIDIA Corporation\PhysX\Common;C:\Program Files\Microsoft SQL Server\Client SDK\ODBC\170\Tools\Binn\;C:\Program Files (x86)\Microsoft SQL Server\150\Tools\Binn\;C:\Program Files\Microsoft SQL Server\150\Tools\Binn\;C:\Program Files\Microsoft SQL Server\150\DTS\Binn\;C:\Program Files (x86)\Microsoft SQL Server\150\DTS\Binn\;C:\Program Files\Azure Data Studio\bin;D:\GITHUB\cmd;C:\Users\Administrator\AppData\Local\Microsoft\WindowsApps;C:\Users\Administrator\AppData\Local\Programs\Microsoft VS Code\bin;C:\Program Files\Azure Data Studio\bin;C:\Users\Administrator\AppData\Local\GitHubDesktop\bin
USERNAME=Administrator
OS=Windows_NT
PROCESSOR_IDENTIFIER=Intel64 Family 6 Model 158 Stepping 10, GenuineIntel



---------------  S Y S T E M  ---------------

OS:
 Windows 10 , 64 bit Build 19041 (10.0.19041.1023)
OS uptime: 1 days 5:54 hours

CPU: total 8 (initial active 8) (4 cores per cpu, 2 threads per core) family 6 model 158 stepping 10 microcode 0xde, cmov, cx8, fxsr, mmx, sse, sse2, sse3, ssse3, sse4.1, sse4.2, popcnt, vzeroupper, avx, avx2, aes, clmul, erms, 3dnowpref, lzcnt, ht, tsc, tscinvbit, bmi1, bmi2, adx, fma, clflush, clflushopt

Memory: 4k page, system-wide physical 16165M (3517M free)
TotalPageFile size 31331M (AvailPageFile size 5M)
current process WorkingSet (physical memory assigned to process): 86M, peak: 86M
current process commit charge ("private bytes"): 370M, peak: 370M

vm_info: Java HotSpot(TM) 64-Bit Server VM (15.0.1+9-18) for windows-amd64 JRE (15.0.1+9-18), built on Sep 15 2020 14:43:54 by "mach5one" with unknown MS VC++:1925

END.
